<?xml version="1.0" encoding="UTF-8"?>
<!-- Generated by org.testng.reporters.JUnitXMLReporter -->
<testsuite hostname="SONY-PC" ignored="0" name="ValidateTitleTest" tests="1" failures="1" timestamp="27 Jul 2020 11:21:54 GMT" time="35.17" errors="0">
  <testcase name="ValiteTitleTest" time="1.193" classname="E2EFrameWork.ValidateTitle">
    <failure type="java.lang.AssertionError" message="expected [Featured Courses] but found [FEATURED COURSES]">
      <![CDATA[java.lang.AssertionError: expected [Featured Courses] but found [FEATURED COURSES]
at E2EFrameWork.ValidateTitle.ValiteTitleTest(ValidateTitle.java:34)
... Removed 31 stack frames]]>
    </failure>
  </testcase> <!-- ValiteTitleTest -->
</testsuite> <!-- ValidateTitleTest -->
